<?xml version="1.0" encoding="UTF-8"?>
<testng-results ignored="0" total="1" passed="1" failed="0" skipped="0">
  <reporter-output>
  </reporter-output>
  <suite started-at="2023-11-01T18:16:13 IST" name="Default suite" finished-at="2023-11-01T18:16:13 IST" duration-ms="59">
    <groups>
    </groups>
    <test started-at="2023-11-01T18:16:13 IST" name="Default test" finished-at="2023-11-01T18:16:13 IST" duration-ms="59">
      <class name="com.mytest.test.LoginTest">
        <test-method signature="comapare()[pri:0, instance:com.mytest.test.LoginTest@72d1ad2e]" started-at="2023-11-01T18:16:13 IST" name="comapare" finished-at="2023-11-01T18:16:13 IST" duration-ms="16" status="PASS">
          <reporter-output>
          </reporter-output>
        </test-method> <!-- comapare -->
      </class> <!-- com.mytest.test.LoginTest -->
    </test> <!-- Default test -->
  </suite> <!-- Default suite -->
</testng-results>
