<?xml version="1.0" encoding="UTF-8"?>
<testng-results ignored="0" total="2" passed="2" failed="0" skipped="0">
  <reporter-output>
  </reporter-output>
  <suite started-at="2023-11-05T16:39:15 IST" name="ExecutionflowSuite" finished-at="2023-11-05T16:40:52 IST" duration-ms="96470">
    <groups>
    </groups>
    <test started-at="2023-11-05T16:39:15 IST" name="Test" finished-at="2023-11-05T16:40:52 IST" duration-ms="96470">
      <class name="com.mytest.executionflow.PaymentflowTest">
        <test-method is-config="true" signature="testSetupStep()[pri:0, instance:com.mytest.executionflow.PaymentflowTest@4562e04d]" started-at="2023-11-05T16:39:15 IST" name="testSetupStep" finished-at="2023-11-05T16:39:15 IST" duration-ms="15" status="PASS">
          <reporter-output>
          </reporter-output>
        </test-method> <!-- testSetupStep -->
        <test-method is-config="true" signature="createNewBrowser()[pri:0, instance:com.mytest.executionflow.PaymentflowTest@4562e04d]" started-at="2023-11-05T16:39:15 IST" name="createNewBrowser" finished-at="2023-11-05T16:39:54 IST" duration-ms="38461" status="PASS">
          <reporter-output>
          </reporter-output>
        </test-method> <!-- createNewBrowser -->
        <test-method signature="addIteamToCartTest()[pri:0, instance:com.mytest.executionflow.PaymentflowTest@4562e04d]" started-at="2023-11-05T16:39:54 IST" name="addIteamToCartTest" finished-at="2023-11-05T16:40:38 IST" duration-ms="44043" status="PASS">
          <reporter-output>
          </reporter-output>
        </test-method> <!-- addIteamToCartTest -->
        <test-method is-config="true" signature="closeBrowser()[pri:0, instance:com.mytest.executionflow.PaymentflowTest@4562e04d]" started-at="2023-11-05T16:40:38 IST" name="closeBrowser" finished-at="2023-11-05T16:40:38 IST" duration-ms="1" status="PASS">
          <reporter-output>
          </reporter-output>
        </test-method> <!-- closeBrowser -->
        <test-method is-config="true" signature="createNewBrowser()[pri:0, instance:com.mytest.executionflow.PaymentflowTest@4562e04d]" started-at="2023-11-05T16:40:38 IST" name="createNewBrowser" finished-at="2023-11-05T16:40:51 IST" duration-ms="12733" status="PASS">
          <reporter-output>
          </reporter-output>
        </test-method> <!-- createNewBrowser -->
        <test-method signature="checkoutTest()[pri:0, instance:com.mytest.executionflow.PaymentflowTest@4562e04d]" started-at="2023-11-05T16:40:51 IST" name="checkoutTest" finished-at="2023-11-05T16:40:51 IST" duration-ms="3" status="PASS">
          <reporter-output>
          </reporter-output>
        </test-method> <!-- checkoutTest -->
        <test-method is-config="true" signature="closeBrowser()[pri:0, instance:com.mytest.executionflow.PaymentflowTest@4562e04d]" started-at="2023-11-05T16:40:51 IST" name="closeBrowser" finished-at="2023-11-05T16:40:52 IST" duration-ms="1139" status="PASS">
          <reporter-output>
          </reporter-output>
        </test-method> <!-- closeBrowser -->
      </class> <!-- com.mytest.executionflow.PaymentflowTest -->
    </test> <!-- Test -->
  </suite> <!-- ExecutionflowSuite -->
</testng-results>
